Job Benzene_raman started on node011 at Tue Feb 10 18:39:51 2015
jobid: volta-0-54da96c4 
Jaguar version 8.5, release  13
Molecular Point Group: D6h     
Point Group used: C1 (symmetry turned off)
pre (input checking) done.
onee (1-electron integrals) done.
hfig (HF initial guess) done.
probe (project orbitals) done.
grid (grid generation) done.
rwr (Q operators) done.
scf type: DFT=Becke_3_Parameter/HF+Slater+Becke88+VWN+LYP (B3LYP)
  
       i  u  d  i  g
       t  p  i  c  r                                 RMS    maximum
       e  d  i  u  i                       energy  density   DIIS  
       r  t  s  t  d       total energy    change  change    error 
  
etot    1  N  N  5  M    -231.57604332919           5.5E-03  1.7E-01
etot    2  Y  Y  6  M    -232.18696162380  6.1E-01  4.7E-03  4.9E-02
etot    3  Y  Y  6  M    -232.22930414068  4.2E-02  1.7E-03  4.0E-02
etot    4  N  Y  2  U    -232.25509171811  2.6E-02  8.9E-04  1.8E-02
etot    5  Y  Y  6  M    -232.25618878054  1.1E-03  1.2E-03  9.6E-03
etot    6  N  Y  2  U    -232.25671223482  5.2E-04  2.3E-04  2.2E-03
etot    7  Y  Y  6  M    -232.25677145909  5.9E-05  7.5E-06  1.0E-04
etot    8  N  Y  2  U    -232.25673767494 -3.4E-05  7.3E-06  5.0E-05
etot    9  N  Y  2  U    -232.25673772383  4.9E-08  1.7E-06  2.0E-05
etot   10  N  N  2  U    -232.25673772886  5.0E-09  0.0E+00  0.0E+00
scf (DFT) done.
cutabab2 (abab integrals) done.
der2a (1-e JK-1st deriv.) done.
der2b (2-e JK-1st deriv.) done.
der2nda (1-e 2nd deriv.) done.
der2ndb (2-e 2nd deriv.) done.
rwr (Q operators) done.
cphfa (gradient of wave function) done.
rwr (Q operators) done.
scf type: DFT=Becke_3_Parameter/HF+Slater+Becke88+VWN+LYP (B3LYP)
  
       i  u  d  i  g
       t  p  i  c  r                                 RMS    maximum
       e  d  i  u  i                       energy  density   DIIS  
       r  t  s  t  d       total energy    change  change    error 
  
etot    1  N  N  5  M    -232.25542328220           1.0E-03  1.8E-02
etot    2  Y  Y  6  M    -232.25574789331  3.2E-04  1.5E-05  5.0E-04
etot    3  N  Y  2  U    -232.25586539878  1.2E-04  3.9E-04  1.8E-02
etot    4  Y  Y  6  M    -232.25628803430  4.2E-04  1.6E-04  1.1E-02
etot    5  Y  Y  6  M    -232.25638977782  1.0E-04  1.6E-04  8.4E-03
etot    6  Y  Y  6  M    -232.25644535148  5.6E-05  1.1E-04  5.5E-03
etot    7  Y  Y  6  M    -232.25645822217  1.3E-05  7.1E-05  3.5E-03
etot    8  N  Y  2  U    -232.25672471939  2.7E-04  4.0E-05  2.4E-03
etot    9  N  Y  2  U    -232.25671460075 -1.0E-05  1.1E-06  3.1E-03
etot   10  N  N  2  U    -232.25671423081 -3.7E-07  0.0E+00  0.0E+00
scf (DFT) done.
der1a (1-e 1st deriv.) done.
rwr (1st deriv. Q) done.
der1b (2-e 1st deriv.) done.
----------------------------------------------------------------
  calculation with applied electric field    1 of  18 follows...
raman (gradient of polarizabilities) done.
rwr (Q operators) done.
scf type: DFT=Becke_3_Parameter/HF+Slater+Becke88+VWN+LYP (B3LYP)
  
       i  u  d  i  g
       t  p  i  c  r                                 RMS    maximum
       e  d  i  u  i                       energy  density   DIIS  
       r  t  s  t  d       total energy    change  change    error 
  
etot    1  N  N  5  M    -232.25554350655           3.8E-03  2.9E-02
etot    2  Y  Y  6  M    -232.25552587017 -1.8E-05  1.6E-03  4.2E-02
etot    3  N  Y  2  U    -232.27537486203  2.0E-02  5.5E-04  1.8E-02
etot    4  Y  Y  6  M    -232.27753973874  2.2E-03  3.3E-04  9.7E-03
etot    5  Y  Y  6  M    -232.27763918772  9.9E-05  3.1E-04  4.2E-03
etot    6  N  Y  2  U    -232.27796220270  3.2E-04  3.0E-05  5.7E-04
etot    7  N  Y  2  U    -232.27796589047  3.7E-06  1.3E-05  2.7E-04
etot    8  N  Y  2  U    -232.27796625792  3.7E-07  1.7E-05  1.6E-04
etot    9  N  Y  2  U    -232.27796641680  1.6E-07  1.2E-06  2.1E-05
etot   10  N  N  2  U    -232.27796643119  1.4E-08  0.0E+00  0.0E+00
scf (DFT) done.
der1a (1-e 1st deriv.) done.
rwr (1st deriv. Q) done.
der1b (2-e 1st deriv.) done.
----------------------------------------------------------------
  calculation with applied electric field    2 of  18 follows...
raman (gradient of polarizabilities) done.
rwr (Q operators) done.
scf type: DFT=Becke_3_Parameter/HF+Slater+Becke88+VWN+LYP (B3LYP)
  
       i  u  d  i  g
       t  p  i  c  r                                 RMS    maximum
       e  d  i  u  i                       energy  density   DIIS  
       r  t  s  t  d       total energy    change  change    error 
  
etot    1  N  N  5  M    -232.25554536919           3.8E-03  2.9E-02
etot    2  Y  Y  6  M    -232.25553075882 -1.5E-05  1.6E-03  4.2E-02
etot    3  N  Y  2  U    -232.27537411362  2.0E-02  5.5E-04  1.8E-02
etot    4  Y  Y  6  M    -232.27753990311  2.2E-03  3.3E-04  9.7E-03
etot    5  Y  Y  6  M    -232.27763937445  9.9E-05  3.1E-04  4.2E-03
etot    6  N  Y  2  U    -232.27796239810  3.2E-04  3.0E-05  5.7E-04
etot    7  N  Y  2  U    -232.27796608052  3.7E-06  1.3E-05  2.7E-04
etot    8  N  Y  2  U    -232.27796645325  3.7E-07  1.7E-05  1.6E-04
etot    9  N  Y  2  U    -232.27796661934  1.7E-07  1.3E-06  2.3E-05
etot   10  N  N  2  U    -232.27796663435  1.5E-08  0.0E+00  0.0E+00
scf (DFT) done.
der1a (1-e 1st deriv.) done.
rwr (1st deriv. Q) done.
der1b (2-e 1st deriv.) done.
----------------------------------------------------------------
  calculation with applied electric field    3 of  18 follows...
raman (gradient of polarizabilities) done.
rwr (Q operators) done.
scf type: DFT=Becke_3_Parameter/HF+Slater+Becke88+VWN+LYP (B3LYP)
  
       i  u  d  i  g
       t  p  i  c  r                                 RMS    maximum
       e  d  i  u  i                       energy  density   DIIS  
       r  t  s  t  d       total energy    change  change    error 
  
etot    1  N  N  5  M    -232.25554017862           3.7E-03  2.9E-02
etot    2  Y  Y  6  M    -232.25565172277  1.1E-04  1.6E-03  4.1E-02
etot    3  N  Y  2  U    -232.27538126292  2.0E-02  5.5E-04  1.8E-02
etot    4  Y  Y  6  M    -232.27754060661  2.2E-03  3.2E-04  9.7E-03
etot    5  Y  Y  6  M    -232.27763944960  9.9E-05  3.1E-04  4.2E-03
etot    6  N  Y  2  U    -232.27796245403  3.2E-04  3.0E-05  5.8E-04
etot    7  N  Y  2  U    -232.27796598347  3.5E-06  1.3E-05  2.8E-04
etot    8  N  Y  2  U    -232.27796635320  3.7E-07  1.6E-05  1.6E-04
etot    9  N  Y  2  U    -232.27796654629  1.9E-07  2.2E-06  1.8E-05
etot   10  N  N  2  U    -232.27796654070 -5.6E-09  0.0E+00  0.0E+00
scf (DFT) done.
der1a (1-e 1st deriv.) done.
rwr (1st deriv. Q) done.
der1b (2-e 1st deriv.) done.
----------------------------------------------------------------
  calculation with applied electric field    4 of  18 follows...
raman (gradient of polarizabilities) done.
rwr (Q operators) done.
scf type: DFT=Becke_3_Parameter/HF+Slater+Becke88+VWN+LYP (B3LYP)
  
       i  u  d  i  g
       t  p  i  c  r                                 RMS    maximum
       e  d  i  u  i                       energy  density   DIIS  
       r  t  s  t  d       total energy    change  change    error 
  
etot    1  N  N  5  M    -232.25554869712           3.8E-03  2.9E-02
etot    2  Y  Y  6  M    -232.25565866700  1.1E-04  1.6E-03  4.1E-02
etot    3  N  Y  2  U    -232.27537414205  2.0E-02  5.5E-04  1.8E-02
etot    4  Y  Y  6  M    -232.27754023412  2.2E-03  3.3E-04  9.7E-03
etot    5  Y  Y  6  M    -232.27764039680  1.0E-04  3.2E-04  4.2E-03
etot    6  N  Y  2  U    -232.27796399640  3.2E-04  3.0E-05  5.8E-04
etot    7  N  Y  2  U    -232.27796758097  3.6E-06  1.3E-05  2.7E-04
etot    8  N  Y  2  U    -232.27796795221  3.7E-07  1.7E-05  1.6E-04
etot    9  N  Y  2  U    -232.27796813951  1.9E-07  2.4E-06  1.8E-05
etot   10  N  N  2  U    -232.27796813457 -4.9E-09  0.0E+00  0.0E+00
scf (DFT) done.
der1a (1-e 1st deriv.) done.
rwr (1st deriv. Q) done.
der1b (2-e 1st deriv.) done.
----------------------------------------------------------------
  calculation with applied electric field    5 of  18 follows...
raman (gradient of polarizabilities) done.
rwr (Q operators) done.
scf type: DFT=Becke_3_Parameter/HF+Slater+Becke88+VWN+LYP (B3LYP)
  
       i  u  d  i  g
       t  p  i  c  r                                 RMS    maximum
       e  d  i  u  i                       energy  density   DIIS  
       r  t  s  t  d       total energy    change  change    error 
  
etot    1  N  N  5  M    -232.25554443727           1.7E-03  1.6E-02
etot    2  Y  Y  6  M    -232.25991006540  4.4E-03  3.6E-04  1.3E-02
etot    3  N  Y  2  U    -232.26207175996  2.2E-03  3.1E-04  1.8E-02
etot    4  Y  Y  6  M    -232.26242461379  3.5E-04  9.2E-04  1.3E-02
etot    5  N  Y  2  U    -232.26291986756  5.0E-04  1.2E-04  3.1E-03
etot    6  Y  Y  6  M    -232.26297502895  5.5E-05  3.2E-05  1.1E-03
etot    7  N  Y  2  U    -232.26294924492 -2.6E-05  3.6E-05  6.2E-04
etot    8  N  Y  2  U    -232.26295039626  1.2E-06  1.1E-06  1.8E-05
etot    9  N  N  2  U    -232.26295040482  8.6E-09  0.0E+00  0.0E+00
scf (DFT) done.
der1a (1-e 1st deriv.) done.
rwr (1st deriv. Q) done.
der1b (2-e 1st deriv.) done.
----------------------------------------------------------------
  calculation with applied electric field    6 of  18 follows...
raman (gradient of polarizabilities) done.
rwr (Q operators) done.
scf type: DFT=Becke_3_Parameter/HF+Slater+Becke88+VWN+LYP (B3LYP)
  
       i  u  d  i  g
       t  p  i  c  r                                 RMS    maximum
       e  d  i  u  i                       energy  density   DIIS  
       r  t  s  t  d       total energy    change  change    error 
  
etot    1  N  N  5  M    -232.25554443847           1.7E-03  1.6E-02
etot    2  Y  Y  6  M    -232.25991004376  4.4E-03  3.6E-04  1.3E-02
etot    3  N  Y  2  U    -232.26207176132  2.2E-03  3.1E-04  1.8E-02
etot    4  Y  Y  6  M    -232.26242461577  3.5E-04  9.2E-04  1.3E-02
etot    5  N  Y  2  U    -232.26291986902  5.0E-04  1.2E-04  3.1E-03
etot    6  Y  Y  6  M    -232.26297504187  5.5E-05  3.2E-05  1.1E-03
etot    7  N  Y  2  U    -232.26294924055 -2.6E-05  3.6E-05  6.2E-04
etot    8  N  Y  2  U    -232.26295039889  1.2E-06  1.1E-06  1.8E-05
etot    9  N  N  2  U    -232.26295040746  8.6E-09  0.0E+00  0.0E+00
scf (DFT) done.
der1a (1-e 1st deriv.) done.
rwr (1st deriv. Q) done.
der1b (2-e 1st deriv.) done.
----------------------------------------------------------------
  calculation with applied electric field    7 of  18 follows...
raman (gradient of polarizabilities) done.
rwr (Q operators) done.
scf type: DFT=Becke_3_Parameter/HF+Slater+Becke88+VWN+LYP (B3LYP)
  
       i  u  d  i  g
       t  p  i  c  r                                 RMS    maximum
       e  d  i  u  i                       energy  density   DIIS  
       r  t  s  t  d       total energy    change  change    error 
  
etot    1  N  N  5  M    -232.25554184259           2.7E-03  1.5E-02
etot    2  Y  Y  6  M    -232.25580101796  2.6E-04  1.2E-03  2.1E-02
etot    3  N  Y  2  U    -232.26536519229  9.6E-03  4.6E-04  1.8E-02
etot    4  Y  Y  6  M    -232.26688719673  1.5E-03  1.4E-04  1.1E-02
etot    5  Y  Y  6  M    -232.26696526654  7.8E-05  5.7E-04  8.2E-03
etot    6  N  Y  2  U    -232.26733761366  3.7E-04  4.0E-05  1.2E-03
etot    7  N  Y  2  U    -232.26734248661  4.9E-06  2.0E-05  6.4E-04
etot    8  N  Y  2  U    -232.26734366217  1.2E-06  2.2E-05  3.3E-04
etot    9  N  Y  2  U    -232.26734409591  4.3E-07  1.2E-06  2.7E-05
etot   10  N  N  2  U    -232.26734411486  1.9E-08  0.0E+00  0.0E+00
scf (DFT) done.
der1a (1-e 1st deriv.) done.
rwr (1st deriv. Q) done.
der1b (2-e 1st deriv.) done.
----------------------------------------------------------------
  calculation with applied electric field    8 of  18 follows...
raman (gradient of polarizabilities) done.
rwr (Q operators) done.
scf type: DFT=Becke_3_Parameter/HF+Slater+Becke88+VWN+LYP (B3LYP)
  
       i  u  d  i  g
       t  p  i  c  r                                 RMS    maximum
       e  d  i  u  i                       energy  density   DIIS  
       r  t  s  t  d       total energy    change  change    error 
  
etot    1  N  N  5  M    -232.25554703315           2.7E-03  1.5E-02
etot    2  Y  Y  6  M    -232.25580738643  2.6E-04  1.2E-03  2.1E-02
etot    3  N  Y  2  U    -232.26536117374  9.6E-03  4.6E-04  1.8E-02
etot    4  Y  Y  6  M    -232.26688698994  1.5E-03  1.4E-04  1.1E-02
etot    5  Y  Y  6  M    -232.26696484272  7.8E-05  5.7E-04  8.2E-03
etot    6  N  Y  2  U    -232.26733842210  3.7E-04  4.1E-05  1.2E-03
etot    7  N  Y  2  U    -232.26734330497  4.9E-06  2.1E-05  6.4E-04
etot    8  N  Y  2  U    -232.26734448450  1.2E-06  2.2E-05  3.3E-04
etot    9  N  Y  2  U    -232.26734492278  4.4E-07  8.1E-07  1.6E-05
etot   10  N  N  2  U    -232.26734492972  6.9E-09  0.0E+00  0.0E+00
scf (DFT) done.
der1a (1-e 1st deriv.) done.
rwr (1st deriv. Q) done.
der1b (2-e 1st deriv.) done.
----------------------------------------------------------------
  calculation with applied electric field    9 of  18 follows...
raman (gradient of polarizabilities) done.
rwr (Q operators) done.
scf type: DFT=Becke_3_Parameter/HF+Slater+Becke88+VWN+LYP (B3LYP)
  
       i  u  d  i  g
       t  p  i  c  r                                 RMS    maximum
       e  d  i  u  i                       energy  density   DIIS  
       r  t  s  t  d       total energy    change  change    error 
  
etot    1  N  N  5  M    -232.25554277391           2.7E-03  1.5E-02
etot    2  Y  Y  6  M    -232.25580371984  2.6E-04  1.2E-03  2.1E-02
etot    3  N  Y  2  U    -232.26536486374  9.6E-03  4.6E-04  1.8E-02
etot    4  Y  Y  6  M    -232.26688740455  1.5E-03  1.4E-04  1.1E-02
etot    5  Y  Y  6  M    -232.26696541246  7.8E-05  5.7E-04  8.2E-03
etot    6  N  Y  2  U    -232.26733785419  3.7E-04  4.0E-05  1.2E-03
etot    7  N  Y  2  U    -232.26734269293  4.8E-06  2.0E-05  6.4E-04
etot    8  N  Y  2  U    -232.26734385932  1.2E-06  2.2E-05  3.3E-04
etot    9  N  Y  2  U    -232.26734429683  4.4E-07  1.2E-06  2.9E-05
etot   10  N  N  2  U    -232.26734431684  2.0E-08  0.0E+00  0.0E+00
scf (DFT) done.
der1a (1-e 1st deriv.) done.
rwr (1st deriv. Q) done.
der1b (2-e 1st deriv.) done.
----------------------------------------------------------------
  calculation with applied electric field   10 of  18 follows...
raman (gradient of polarizabilities) done.
rwr (Q operators) done.
scf type: DFT=Becke_3_Parameter/HF+Slater+Becke88+VWN+LYP (B3LYP)
  
       i  u  d  i  g
       t  p  i  c  r                                 RMS    maximum
       e  d  i  u  i                       energy  density   DIIS  
       r  t  s  t  d       total energy    change  change    error 
  
etot    1  N  N  5  M    -232.25554610184           2.7E-03  1.5E-02
etot    2  Y  Y  6  M    -232.25580443178  2.6E-04  1.2E-03  2.1E-02
etot    3  N  Y  2  U    -232.26536164301  9.6E-03  4.6E-04  1.8E-02
etot    4  Y  Y  6  M    -232.26688708165  1.5E-03  1.4E-04  1.1E-02
etot    5  Y  Y  6  M    -232.26696498589  7.8E-05  5.7E-04  8.2E-03
etot    6  N  Y  2  U    -232.26733852271  3.7E-04  4.1E-05  1.2E-03
etot    7  N  Y  2  U    -232.26734342445  4.9E-06  2.1E-05  6.4E-04
etot    8  N  Y  2  U    -232.26734460516  1.2E-06  2.2E-05  3.2E-04
etot    9  N  Y  2  U    -232.26734501718  4.1E-07  7.8E-07  1.6E-05
etot   10  N  N  2  U    -232.26734502334  6.2E-09  0.0E+00  0.0E+00
scf (DFT) done.
der1a (1-e 1st deriv.) done.
rwr (1st deriv. Q) done.
der1b (2-e 1st deriv.) done.
----------------------------------------------------------------
  calculation with applied electric field   11 of  18 follows...
raman (gradient of polarizabilities) done.
rwr (Q operators) done.
scf type: DFT=Becke_3_Parameter/HF+Slater+Becke88+VWN+LYP (B3LYP)
  
       i  u  d  i  g
       t  p  i  c  r                                 RMS    maximum
       e  d  i  u  i                       energy  density   DIIS  
       r  t  s  t  d       total energy    change  change    error 
  
etot    1  N  N  5  M    -232.25554397191           2.1E-03  1.5E-02
etot    2  Y  Y  6  M    -232.25682691589  1.3E-03  9.5E-04  2.1E-02
etot    3  N  Y  2  U    -232.26148032318  4.7E-03  4.3E-04  1.8E-02
etot    4  Y  Y  6  M    -232.26310286107  1.6E-03  1.6E-05  1.2E-02
etot    5  N  Y  2  U    -232.26320209155  9.9E-05  1.7E-04  1.2E-02
etot    6  Y  Y  6  M    -232.26328027817  7.8E-05  6.8E-04  9.0E-03
etot    7  N  Y  2  U    -232.26357228879  2.9E-04  1.0E-04  2.6E-03
etot    8  Y  Y  6  M    -232.26361554899  4.3E-05  3.3E-05  8.5E-04
etot    9  N  Y  2  U    -232.26359192706 -2.4E-05  2.0E-05  3.0E-04
etot   10  N  Y  2  U    -232.26359226631  3.4E-07  4.6E-07  4.7E-05
etot   11  N  N  2  U    -232.26359226780  1.5E-09  0.0E+00  0.0E+00
scf (DFT) done.
der1a (1-e 1st deriv.) done.
rwr (1st deriv. Q) done.
der1b (2-e 1st deriv.) done.
----------------------------------------------------------------
  calculation with applied electric field   12 of  18 follows...
raman (gradient of polarizabilities) done.
rwr (Q operators) done.
scf type: DFT=Becke_3_Parameter/HF+Slater+Becke88+VWN+LYP (B3LYP)
  
       i  u  d  i  g
       t  p  i  c  r                                 RMS    maximum
       e  d  i  u  i                       energy  density   DIIS  
       r  t  s  t  d       total energy    change  change    error 
  
etot    1  N  N  5  M    -232.25554490383           2.1E-03  1.5E-02
etot    2  Y  Y  6  M    -232.25682943411  1.3E-03  9.5E-04  2.1E-02
etot    3  N  Y  2  U    -232.26147994391  4.7E-03  4.3E-04  1.8E-02
etot    4  Y  Y  6  M    -232.26310275955  1.6E-03  1.6E-05  1.2E-02
etot    5  N  Y  2  U    -232.26320188876  9.9E-05  1.7E-04  1.2E-02
etot    6  Y  Y  6  M    -232.26328004065  7.8E-05  6.8E-04  9.0E-03
etot    7  N  Y  2  U    -232.26357239283  2.9E-04  1.0E-04  2.6E-03
etot    8  Y  Y  6  M    -232.26361551953  4.3E-05  3.3E-05  8.5E-04
etot    9  N  Y  2  U    -232.26359200369 -2.4E-05  2.0E-05  3.0E-04
etot   10  N  Y  2  U    -232.26359236347  3.6E-07  4.8E-07  4.7E-05
etot   11  N  N  2  U    -232.26359236505  1.6E-09  0.0E+00  0.0E+00
scf (DFT) done.
der1a (1-e 1st deriv.) done.
rwr (1st deriv. Q) done.
der1b (2-e 1st deriv.) done.
----------------------------------------------------------------
  calculation with applied electric field   13 of  18 follows...
raman (gradient of polarizabilities) done.
rwr (Q operators) done.
scf type: DFT=Becke_3_Parameter/HF+Slater+Becke88+VWN+LYP (B3LYP)
  
       i  u  d  i  g
       t  p  i  c  r                                 RMS    maximum
       e  d  i  u  i                       energy  density   DIIS  
       r  t  s  t  d       total energy    change  change    error 
  
etot    1  N  N  5  M    -232.25554490323           2.1E-03  1.5E-02
etot    2  Y  Y  6  M    -232.25682943757  1.3E-03  9.5E-04  2.1E-02
etot    3  N  Y  2  U    -232.26147995055  4.7E-03  4.3E-04  1.8E-02
etot    4  Y  Y  6  M    -232.26310276744  1.6E-03  1.6E-05  1.2E-02
etot    5  N  Y  2  U    -232.26320189517  9.9E-05  1.7E-04  1.2E-02
etot    6  Y  Y  6  M    -232.26328004795  7.8E-05  6.8E-04  9.0E-03
etot    7  N  Y  2  U    -232.26357240080  2.9E-04  1.0E-04  2.6E-03
etot    8  Y  Y  6  M    -232.26361553034  4.3E-05  3.3E-05  8.5E-04
etot    9  N  Y  2  U    -232.26359200744 -2.4E-05  2.0E-05  3.0E-04
etot   10  N  Y  2  U    -232.26359236843  3.6E-07  4.8E-07  4.7E-05
etot   11  N  N  2  U    -232.26359237000  1.6E-09  0.0E+00  0.0E+00
scf (DFT) done.
der1a (1-e 1st deriv.) done.
rwr (1st deriv. Q) done.
der1b (2-e 1st deriv.) done.
----------------------------------------------------------------
  calculation with applied electric field   14 of  18 follows...
raman (gradient of polarizabilities) done.
rwr (Q operators) done.
scf type: DFT=Becke_3_Parameter/HF+Slater+Becke88+VWN+LYP (B3LYP)
  
       i  u  d  i  g
       t  p  i  c  r                                 RMS    maximum
       e  d  i  u  i                       energy  density   DIIS  
       r  t  s  t  d       total energy    change  change    error 
  
etot    1  N  N  5  M    -232.25554397251           2.1E-03  1.5E-02
etot    2  Y  Y  6  M    -232.25682691223  1.3E-03  9.5E-04  2.1E-02
etot    3  N  Y  2  U    -232.26148031373  4.7E-03  4.3E-04  1.8E-02
etot    4  Y  Y  6  M    -232.26310284865  1.6E-03  1.6E-05  1.2E-02
etot    5  N  Y  2  U    -232.26320208685  9.9E-05  1.7E-04  1.2E-02
etot    6  Y  Y  6  M    -232.26328026619  7.8E-05  6.8E-04  9.0E-03
etot    7  N  Y  2  U    -232.26357228471  2.9E-04  1.0E-04  2.6E-03
etot    8  Y  Y  6  M    -232.26361555227  4.3E-05  3.3E-05  8.5E-04
etot    9  N  Y  2  U    -232.26359192459 -2.4E-05  2.0E-05  3.0E-04
etot   10  N  Y  2  U    -232.26359226361  3.4E-07  4.6E-07  4.7E-05
etot   11  N  N  2  U    -232.26359226510  1.5E-09  0.0E+00  0.0E+00
scf (DFT) done.
der1a (1-e 1st deriv.) done.
rwr (1st deriv. Q) done.
der1b (2-e 1st deriv.) done.
----------------------------------------------------------------
  calculation with applied electric field   15 of  18 follows...
raman (gradient of polarizabilities) done.
rwr (Q operators) done.
scf type: DFT=Becke_3_Parameter/HF+Slater+Becke88+VWN+LYP (B3LYP)
  
       i  u  d  i  g
       t  p  i  c  r                                 RMS    maximum
       e  d  i  u  i                       energy  density   DIIS  
       r  t  s  t  d       total energy    change  change    error 
  
etot    1  N  N  5  M    -232.25554230795           2.1E-03  1.5E-02
etot    2  Y  Y  6  M    -232.25682789281  1.3E-03  9.5E-04  2.1E-02
etot    3  N  Y  2  U    -232.26148238877  4.7E-03  4.3E-04  1.8E-02
etot    4  Y  Y  6  M    -232.26310333054  1.6E-03  1.6E-05  1.2E-02
etot    5  N  Y  2  U    -232.26320212125  9.9E-05  1.7E-04  1.2E-02
etot    6  Y  Y  6  M    -232.26328000240  7.8E-05  6.7E-04  9.0E-03
etot    7  N  Y  2  U    -232.26357218884  2.9E-04  1.0E-04  2.6E-03
etot    8  Y  Y  6  M    -232.26361570282  4.4E-05  3.4E-05  8.5E-04
etot    9  N  Y  2  U    -232.26359164510 -2.4E-05  2.0E-05  3.0E-04
etot   10  N  Y  2  U    -232.26359197955  3.3E-07  3.5E-07  4.8E-05
etot   11  N  N  2  U    -232.26359198009  5.4E-10  0.0E+00  0.0E+00
scf (DFT) done.
der1a (1-e 1st deriv.) done.
rwr (1st deriv. Q) done.
der1b (2-e 1st deriv.) done.
----------------------------------------------------------------
  calculation with applied electric field   16 of  18 follows...
raman (gradient of polarizabilities) done.
rwr (Q operators) done.
scf type: DFT=Becke_3_Parameter/HF+Slater+Becke88+VWN+LYP (B3LYP)
  
       i  u  d  i  g
       t  p  i  c  r                                 RMS    maximum
       e  d  i  u  i                       energy  density   DIIS  
       r  t  s  t  d       total energy    change  change    error 
  
etot    1  N  N  5  M    -232.25554656779           2.1E-03  1.5E-02
etot    2  Y  Y  6  M    -232.25683111559  1.3E-03  9.5E-04  2.1E-02
etot    3  N  Y  2  U    -232.26147957152  4.6E-03  4.3E-04  1.8E-02
etot    4  Y  Y  6  M    -232.26310271691  1.6E-03  1.6E-05  1.2E-02
etot    5  N  Y  2  U    -232.26320208006  9.9E-05  1.8E-04  1.2E-02
etot    6  Y  Y  6  M    -232.26328057531  7.8E-05  6.8E-04  9.0E-03
etot    7  N  Y  2  U    -232.26357277151  2.9E-04  1.0E-04  2.6E-03
etot    8  Y  Y  6  M    -232.26361596334  4.3E-05  3.3E-05  8.5E-04
etot    9  N  Y  2  U    -232.26359242454 -2.4E-05  2.0E-05  3.0E-04
etot   10  N  Y  2  U    -232.26359277716  3.5E-07  3.1E-07  4.8E-05
etot   11  N  N  2  U    -232.26359276698 -1.0E-08  0.0E+00  0.0E+00
scf (DFT) done.
der1a (1-e 1st deriv.) done.
rwr (1st deriv. Q) done.
der1b (2-e 1st deriv.) done.
----------------------------------------------------------------
  calculation with applied electric field   17 of  18 follows...
raman (gradient of polarizabilities) done.
rwr (Q operators) done.
scf type: DFT=Becke_3_Parameter/HF+Slater+Becke88+VWN+LYP (B3LYP)
  
       i  u  d  i  g
       t  p  i  c  r                                 RMS    maximum
       e  d  i  u  i                       energy  density   DIIS  
       r  t  s  t  d       total energy    change  change    error 
  
etot    1  N  N  5  M    -232.25554656720           2.1E-03  1.5E-02
etot    2  Y  Y  6  M    -232.25683110883  1.3E-03  9.5E-04  2.1E-02
etot    3  N  Y  2  U    -232.26147957174  4.6E-03  4.3E-04  1.8E-02
etot    4  Y  Y  6  M    -232.26310271580  1.6E-03  1.6E-05  1.2E-02
etot    5  N  Y  2  U    -232.26320207945  9.9E-05  1.8E-04  1.2E-02
etot    6  Y  Y  6  M    -232.26328058510  7.9E-05  6.8E-04  9.0E-03
etot    7  N  Y  2  U    -232.26357277443  2.9E-04  1.0E-04  2.6E-03
etot    8  Y  Y  6  M    -232.26361596435  4.3E-05  3.3E-05  8.5E-04
etot    9  N  Y  2  U    -232.26359242506 -2.4E-05  2.0E-05  3.0E-04
etot   10  N  Y  2  U    -232.26359276840  3.4E-07  3.1E-07  4.8E-05
etot   11  N  N  2  U    -232.26359276890  5.0E-10  0.0E+00  0.0E+00
scf (DFT) done.
der1a (1-e 1st deriv.) done.
rwr (1st deriv. Q) done.
der1b (2-e 1st deriv.) done.
----------------------------------------------------------------
  calculation with applied electric field   18 of  18 follows...
raman (gradient of polarizabilities) done.
rwr (Q operators) done.
scf type: DFT=Becke_3_Parameter/HF+Slater+Becke88+VWN+LYP (B3LYP)
  
       i  u  d  i  g
       t  p  i  c  r                                 RMS    maximum
       e  d  i  u  i                       energy  density   DIIS  
       r  t  s  t  d       total energy    change  change    error 
  
etot    1  N  N  5  M    -232.25554230855           2.1E-03  1.5E-02
etot    2  Y  Y  6  M    -232.25682788747  1.3E-03  9.5E-04  2.1E-02
etot    3  N  Y  2  U    -232.26148238724  4.7E-03  4.3E-04  1.8E-02
etot    4  Y  Y  6  M    -232.26310333194  1.6E-03  1.6E-05  1.2E-02
etot    5  N  Y  2  U    -232.26320212306  9.9E-05  1.7E-04  1.2E-02
etot    6  Y  Y  6  M    -232.26328000447  7.8E-05  6.7E-04  9.0E-03
etot    7  N  Y  2  U    -232.26357219072  2.9E-04  1.0E-04  2.6E-03
etot    8  Y  Y  6  M    -232.26361570863  4.4E-05  3.4E-05  8.5E-04
etot    9  N  Y  2  U    -232.26359164580 -2.4E-05  2.0E-05  3.0E-04
etot   10  N  Y  2  U    -232.26359198052  3.3E-07  3.4E-07  4.8E-05
etot   11  N  N  2  U    -232.26359198106  5.4E-10  0.0E+00  0.0E+00
scf (DFT) done.
der1a (1-e 1st deriv.) done.
rwr (1st deriv. Q) done.
der1b (2-e 1st deriv.) done.
-------------------------------------------------------
gradient of polarizability calculations complete
raman (gradient of polarizabilities) done.
freq (vib. frequencies) done.
Job Benzene_raman completed on node011 at Tue Feb 10 18:54:15 2015
