Job furfural_raman_sdf started on volta at Tue Mar 10 11:44:20 2015
jobid: volta-0-54ff113d 
Jaguar version 8.5, release  13
Molecular Point Group: C1      
Point Group used: C1 (symmetry turned off)
pre (input checking) done.
onee (1-electron integrals) done.
hfig (HF initial guess) done.
probe (project orbitals) done.
grid (grid generation) done.
rwr (Q operators) done.
scf type: DFT=Becke_3_Parameter/HF+Slater+Becke88+VWN+LYP (B3LYP)
  
       i  u  d  i  g
       t  p  i  c  r                                 RMS    maximum
       e  d  i  u  i                       energy  density   DIIS  
       r  t  s  t  d       total energy    change  change    error 
  
etot    1  N  N  4  M    -342.27774055499           1.3E-02  2.0E-01
etot    2  Y  Y  6  M    -340.78433798901 -1.5E+00  1.4E-02  2.9E-01
etot    3  Y  Y  6  M    -341.93003793703  1.1E+00  7.9E-03  2.5E-01
etot    4  N  Y  1  U    -343.22350744233  1.3E+00  4.4E-03  8.5E-02
etot    5  Y  Y  6  M    -343.23856901623  1.5E-02  2.7E-03  6.9E-02
etot    6  N  Y  1  U    -343.34655527958  1.1E-01  7.4E-04  1.3E-02
etot    7  Y  Y  6  M    -343.34990043443  3.3E-03  4.6E-04  9.1E-03
etot    8  Y  Y  6  M    -343.35194297020  2.0E-03  1.6E-04  3.1E-03
etot    9  N  Y  1  U    -343.35207519279  1.3E-04  6.4E-05  1.2E-03
etot   10  Y  Y  6  M    -343.35214829148  7.3E-05  2.4E-05  1.9E-04
etot   11  N  Y  1  U    -343.35213595133 -1.2E-05  5.5E-06  9.4E-05
etot   12  N  Y  1  U    -343.35213622520  2.7E-07  3.6E-06  5.2E-05
etot   13  N  N  1  U    -343.35213628705  6.2E-08  0.0E+00  0.0E+00
scf (DFT) done.
--------gas phase calculation complete----------------------
ch (properties) done.
post (output conversion) done.
pbf (Poisson-Boltzmann solver) done.
solv (solvation checking) done.
  
       i  u  d  i  g
       t  p  i  c  r                                 RMS    maximum
       e  d  i  u  i                       energy  density   DIIS  
       r  t  s  t  d       total energy    change  change    error 
  
etot    1  N  N  1  U    -343.37092351560           1.0E-03  9.3E-03
etot    2  Y  Y  6  M    -343.37179307343  8.7E-04  3.5E-04  1.2E-02
etot    3  Y  Y  6  M    -343.37370289541  1.9E-03  1.1E-04  9.6E-04
etot    4  Y  Y  6  M    -343.37371820834  1.5E-05  3.6E-05  6.0E-04
etot    5  N  Y  1  U    -343.37277813760 -9.4E-04  1.8E-05  3.2E-04
etot    6  N  Y  1  U    -343.37278103355  2.9E-06  7.1E-06  8.3E-05
etot    7  N  Y  1  U    -343.37278120373  1.7E-07  5.9E-06  4.1E-05
etot    8  N  Y  1  U    -343.37278122394  2.0E-08  1.5E-06  2.6E-05
etot    9  N  N  1  U    -343.37278125279  2.9E-08  0.0E+00  0.0E+00
scf (DFT) done.
sole (solvation energy) done.
----------solvation iteration  1 complete------------------
ch (properties) done.
post (output conversion) done.
pbf (Poisson-Boltzmann solver) done.
solv (solvation checking) done.
  
       i  u  d  i  g
       t  p  i  c  r                                 RMS    maximum
       e  d  i  u  i                       energy  density   DIIS  
       r  t  s  t  d       total energy    change  change    error 
  
etot    1  N  N  1  U    -343.37762551562           2.8E-04  2.4E-03
etot    2  Y  Y  6  M    -343.37838826202  7.6E-04  1.0E-04  3.3E-03
etot    3  Y  Y  6  M    -343.37855267758  1.6E-04  3.3E-05  4.0E-04
etot    4  N  Y  1  U    -343.37774993162 -8.0E-04  1.0E-05  2.5E-04
etot    5  N  Y  1  U    -343.37775091405  9.8E-07  3.8E-06  5.5E-05
etot    6  N  N  1  U    -343.37775102723  1.1E-07  0.0E+00  0.0E+00
scf (DFT) done.
sole (solvation energy) done.
----------solvation iteration  2 complete------------------
ch (properties) done.
post (output conversion) done.
pbf (Poisson-Boltzmann solver) done.
solv (solvation checking) done.
  
       i  u  d  i  g
       t  p  i  c  r                                 RMS    maximum
       e  d  i  u  i                       energy  density   DIIS  
       r  t  s  t  d       total energy    change  change    error 
  
etot    1  N  N  1  U    -343.37903876222           7.9E-05  6.6E-04
etot    2  Y  Y  6  M    -343.37981036017  7.7E-04  3.1E-05  8.7E-04
etot    3  N  Y  1  U    -343.37904876559 -7.6E-04  9.6E-06  1.3E-04
etot    4  N  Y  1  U    -343.37904906556  3.0E-07  3.0E-06  8.0E-05
etot    5  N  N  1  U    -343.37904915661  9.1E-08  0.0E+00  0.0E+00
scf (DFT) done.
sole (solvation energy) done.
----------solvation iteration  3 complete------------------
ch (properties) done.
post (output conversion) done.
pbf (Poisson-Boltzmann solver) done.
solv (solvation checking) done.
  
       i  u  d  i  g
       t  p  i  c  r                                 RMS    maximum
       e  d  i  u  i                       energy  density   DIIS  
       r  t  s  t  d       total energy    change  change    error 
  
etot    1  N  N  1  U    -343.37940881396           2.3E-05  1.9E-04
etot    2  N  Y  1  U    -343.37940836716 -4.5E-07  9.6E-06  2.7E-04
etot    3  N  Y  1  U    -343.37940967805  1.3E-06  2.8E-06  3.4E-05
etot    4  N  N  1  U    -343.37940970019  2.2E-08  0.0E+00  0.0E+00
scf (DFT) done.
sole (solvation energy) done.
----final solvation iteration  4 complete------------------
cutabab2 (abab integrals) done.
der2a (1-e JK-1st deriv.) done.
der2b (2-e JK-1st deriv.) done.
der2nda (1-e 2nd deriv.) done.
der2ndb (2-e 2nd deriv.) done.
rwr (Q operators) done.
cphfa (gradient of wave function) done.
rwr (Q operators) done.
scf type: DFT=Becke_3_Parameter/HF+Slater+Becke88+VWN+LYP (B3LYP)
  
       i  u  d  i  g
       t  p  i  c  r                                 RMS    maximum
       e  d  i  u  i                       energy  density   DIIS  
       r  t  s  t  d       total energy    change  change    error 
  
etot    1  N  N  4  M    -343.37894988910           5.9E-04  3.6E-03
etot    2  Y  Y  6  M    -343.37902276678  7.3E-05  4.5E-05  3.9E-04
etot    3  N  Y  1  U    -343.37903035081  7.6E-06  1.4E-04  3.6E-03
etot    4  Y  Y  6  M    -343.37918759528  1.6E-04  1.0E-04  2.7E-03
etot    5  Y  Y  6  M    -343.37926172160  7.4E-05  1.0E-04  2.0E-03
etot    6  Y  Y  6  M    -343.37931126697  5.0E-05  9.2E-05  1.4E-03
etot    7  Y  Y  6  M    -343.37933579785  2.5E-05  3.0E-05  8.9E-04
etot    8  N  Y  1  U    -343.37939570567  6.0E-05  1.6E-05  7.1E-04
etot    9  N  Y  1  U    -343.37939942508  3.7E-06  1.8E-06  6.1E-04
etot   10  N  N  1  U    -343.37939978399  3.6E-07  0.0E+00  0.0E+00
scf (DFT) done.
der1a (1-e 1st deriv.) done.
rwr (1st deriv. Q) done.
der1b (2-e 1st deriv.) done.
----------------------------------------------------------------
  calculation with applied electric field    1 of  18 follows...
raman (gradient of polarizabilities) done.
rwr (Q operators) done.
scf type: DFT=Becke_3_Parameter/HF+Slater+Becke88+VWN+LYP (B3LYP)
  
       i  u  d  i  g
       t  p  i  c  r                                 RMS    maximum
       e  d  i  u  i                       energy  density   DIIS  
       r  t  s  t  d       total energy    change  change    error 
  
etot    1  N  N  4  M    -343.57106641783           3.1E-03  2.9E-02
etot    2  Y  Y  6  M    -343.57838977705  7.3E-03  1.2E-03  2.8E-02
etot    3  N  Y  1  U    -343.59509988975  1.7E-02  5.7E-04  7.1E-03
etot    4  Y  Y  6  M    -343.59590101463  8.0E-04  2.0E-04  5.3E-03
etot    5  Y  Y  6  M    -343.59623250401  3.3E-04  2.5E-04  1.6E-03
etot    6  N  Y  1  U    -343.59638818319  1.6E-04  5.1E-05  9.7E-04
etot    7  Y  Y  6  M    -343.59641034536  2.2E-05  2.4E-05  2.8E-04
etot    8  N  Y  1  U    -343.59641708527  6.7E-06  6.4E-06  7.9E-05
etot    9  N  Y  1  U    -343.59641732257  2.4E-07  5.1E-06  2.6E-05
etot   10  N  Y  1  U    -343.59641735654  3.4E-08  2.1E-06  1.2E-05
etot   11  N  N  1  U    -343.59641736436  7.8E-09  0.0E+00  0.0E+00
scf (DFT) done.
der1a (1-e 1st deriv.) done.
rwr (1st deriv. Q) done.
der1b (2-e 1st deriv.) done.
----------------------------------------------------------------
  calculation with applied electric field    2 of  18 follows...
raman (gradient of polarizabilities) done.
rwr (Q operators) done.
scf type: DFT=Becke_3_Parameter/HF+Slater+Becke88+VWN+LYP (B3LYP)
  
       i  u  d  i  g
       t  p  i  c  r                                 RMS    maximum
       e  d  i  u  i                       energy  density   DIIS  
       r  t  s  t  d       total energy    change  change    error 
  
etot    1  N  N  4  M    -343.67422901182           3.5E-03  2.9E-02
etot    2  Y  Y  6  M    -343.66416609501 -1.0E-02  1.4E-03  4.0E-02
etot    3  N  Y  1  U    -343.69977169867  3.6E-02  4.8E-04  5.0E-03
etot    4  Y  Y  6  M    -343.70074876837  9.8E-04  2.4E-04  2.3E-03
etot    5  Y  Y  6  M    -343.70084895577  1.0E-04  1.0E-04  1.7E-03
etot    6  N  Y  1  U    -343.70102849710  1.8E-04  3.0E-05  4.8E-04
etot    7  N  Y  1  U    -343.70103384866  5.4E-06  1.2E-05  2.6E-04
etot    8  N  Y  1  U    -343.70103510485  1.3E-06  9.0E-06  4.1E-05
etot    9  N  Y  1  U    -343.70103515758  5.3E-08  1.2E-06  2.2E-05
etot   10  N  N  1  U    -343.70103517972  2.2E-08  0.0E+00  0.0E+00
scf (DFT) done.
der1a (1-e 1st deriv.) done.
rwr (1st deriv. Q) done.
der1b (2-e 1st deriv.) done.
----------------------------------------------------------------
  calculation with applied electric field    3 of  18 follows...
raman (gradient of polarizabilities) done.
rwr (Q operators) done.
scf type: DFT=Becke_3_Parameter/HF+Slater+Becke88+VWN+LYP (B3LYP)
  
       i  u  d  i  g
       t  p  i  c  r                                 RMS    maximum
       e  d  i  u  i                       energy  density   DIIS  
       r  t  s  t  d       total energy    change  change    error 
  
etot    1  N  N  4  M    -343.62784148286           3.3E-03  1.8E-02
etot    2  Y  Y  6  M    -343.62406734740 -3.8E-03  1.4E-03  2.6E-02
etot    3  N  Y  1  U    -343.64275641059  1.9E-02  3.8E-04  7.1E-03
etot    4  Y  Y  6  M    -343.64406899413  1.3E-03  1.9E-04  1.8E-03
etot    5  Y  Y  6  M    -343.64413476106  6.6E-05  2.7E-04  1.1E-03
etot    6  N  Y  1  U    -343.64418809688  5.3E-05  6.2E-05  7.5E-04
etot    7  Y  Y  6  M    -343.64421490264  2.7E-05  1.5E-05  2.0E-04
etot    8  N  Y  1  U    -343.64421455600 -3.5E-07  8.0E-06  4.3E-05
etot    9  N  Y  1  U    -343.64421463470  7.9E-08  5.7E-06  3.0E-05
etot   10  N  Y  1  U    -343.64421465104  1.6E-08  9.4E-07  1.7E-05
etot   11  N  N  1  U    -343.64421465649  5.5E-09  0.0E+00  0.0E+00
scf (DFT) done.
der1a (1-e 1st deriv.) done.
rwr (1st deriv. Q) done.
der1b (2-e 1st deriv.) done.
----------------------------------------------------------------
  calculation with applied electric field    4 of  18 follows...
raman (gradient of polarizabilities) done.
rwr (Q operators) done.
scf type: DFT=Becke_3_Parameter/HF+Slater+Becke88+VWN+LYP (B3LYP)
  
       i  u  d  i  g
       t  p  i  c  r                                 RMS    maximum
       e  d  i  u  i                       energy  density   DIIS  
       r  t  s  t  d       total energy    change  change    error 
  
etot    1  N  N  4  M    -343.61745394680           3.4E-03  1.9E-02
etot    2  Y  Y  6  M    -343.61239903394 -5.1E-03  1.4E-03  2.7E-02
etot    3  N  Y  1  U    -343.63244664759  2.0E-02  4.1E-04  7.1E-03
etot    4  Y  Y  6  M    -343.63362700741  1.2E-03  1.6E-04  1.8E-03
etot    5  Y  Y  6  M    -343.63368124192  5.4E-05  2.8E-04  2.0E-03
etot    6  N  Y  1  U    -343.63382381931  1.4E-04  6.6E-05  1.0E-03
etot    7  Y  Y  6  M    -343.63386077794  3.7E-05  2.1E-05  3.1E-04
etot    8  N  Y  1  U    -343.63385296656 -7.8E-06  9.1E-06  4.4E-05
etot    9  N  Y  1  U    -343.63385303140  6.5E-08  4.6E-06  1.7E-05
etot   10  N  N  1  U    -343.63385303592  4.5E-09  0.0E+00  0.0E+00
scf (DFT) done.
der1a (1-e 1st deriv.) done.
rwr (1st deriv. Q) done.
der1b (2-e 1st deriv.) done.
----------------------------------------------------------------
  calculation with applied electric field    5 of  18 follows...
raman (gradient of polarizabilities) done.
rwr (Q operators) done.
scf type: DFT=Becke_3_Parameter/HF+Slater+Becke88+VWN+LYP (B3LYP)
  
       i  u  d  i  g
       t  p  i  c  r                                 RMS    maximum
       e  d  i  u  i                       energy  density   DIIS  
       r  t  s  t  d       total energy    change  change    error 
  
etot    1  N  N  4  M    -343.62263871972           2.0E-03  1.4E-02
etot    2  Y  Y  6  M    -343.62686255849  4.2E-03  4.9E-04  9.4E-03
etot    3  N  Y  1  U    -343.62914014945  2.3E-03  1.9E-04  3.6E-03
etot    4  Y  Y  6  M    -343.62933183227  1.9E-04  4.3E-04  2.4E-03
etot    5  Y  Y  6  M    -343.62941853551  8.7E-05  4.9E-05  1.5E-03
etot    6  N  Y  1  U    -343.62951760418  9.9E-05  2.9E-05  2.5E-04
etot    7  N  Y  1  U    -343.62951941704  1.8E-06  8.6E-06  9.4E-05
etot    8  N  Y  1  U    -343.62951964866  2.3E-07  9.2E-06  4.6E-05
etot    9  N  Y  1  U    -343.62951974709  9.8E-08  5.6E-07  9.0E-06
etot   10  N  N  1  U    -343.62951975161  4.5E-09  0.0E+00  0.0E+00
scf (DFT) done.
der1a (1-e 1st deriv.) done.
rwr (1st deriv. Q) done.
der1b (2-e 1st deriv.) done.
----------------------------------------------------------------
  calculation with applied electric field    6 of  18 follows...
raman (gradient of polarizabilities) done.
rwr (Q operators) done.
scf type: DFT=Becke_3_Parameter/HF+Slater+Becke88+VWN+LYP (B3LYP)
  
       i  u  d  i  g
       t  p  i  c  r                                 RMS    maximum
       e  d  i  u  i                       energy  density   DIIS  
       r  t  s  t  d       total energy    change  change    error 
  
etot    1  N  N  4  M    -343.62265670994           2.0E-03  1.4E-02
etot    2  Y  Y  6  M    -343.62688120513  4.2E-03  4.9E-04  9.4E-03
etot    3  N  Y  1  U    -343.62915820420  2.3E-03  1.9E-04  3.6E-03
etot    4  Y  Y  6  M    -343.62934990180  1.9E-04  4.4E-04  2.4E-03
etot    5  Y  Y  6  M    -343.62943762005  8.8E-05  4.7E-05  1.4E-03
etot    6  N  Y  1  U    -343.62953560457  9.8E-05  2.9E-05  2.5E-04
etot    7  N  Y  1  U    -343.62953741257  1.8E-06  8.6E-06  9.4E-05
etot    8  N  Y  1  U    -343.62953764400  2.3E-07  9.2E-06  4.6E-05
etot    9  N  Y  1  U    -343.62953773970  9.6E-08  5.7E-07  8.6E-06
etot   10  N  N  1  U    -343.62953774436  4.7E-09  0.0E+00  0.0E+00
scf (DFT) done.
der1a (1-e 1st deriv.) done.
rwr (1st deriv. Q) done.
der1b (2-e 1st deriv.) done.
----------------------------------------------------------------
  calculation with applied electric field    7 of  18 follows...
raman (gradient of polarizabilities) done.
rwr (Q operators) done.
scf type: DFT=Becke_3_Parameter/HF+Slater+Becke88+VWN+LYP (B3LYP)
  
       i  u  d  i  g
       t  p  i  c  r                                 RMS    maximum
       e  d  i  u  i                       energy  density   DIIS  
       r  t  s  t  d       total energy    change  change    error 
  
etot    1  N  N  4  M    -343.59945395035           2.4E-03  1.7E-02
etot    2  Y  Y  6  M    -343.59908094197 -3.7E-04  1.0E-03  2.1E-02
etot    3  N  Y  1  U    -343.60928119495  1.0E-02  3.5E-04  5.0E-03
etot    4  Y  Y  6  M    -343.61013358798  8.5E-04  1.7E-04  1.9E-03
etot    5  Y  Y  6  M    -343.61018588504  5.2E-05  3.1E-04  1.0E-03
etot    6  N  Y  1  U    -343.61026749933  8.2E-05  8.2E-05  6.2E-04
etot    7  Y  Y  6  M    -343.61029296273  2.5E-05  1.7E-05  1.6E-04
etot    8  N  Y  1  U    -343.61029477449  1.8E-06  1.0E-05  8.7E-05
etot    9  N  Y  1  U    -343.61029500531  2.3E-07  1.1E-05  3.6E-05
etot   10  N  Y  1  U    -343.61029509628  9.1E-08  2.6E-06  1.3E-05
etot   11  N  N  1  U    -343.61029509355 -2.7E-09  0.0E+00  0.0E+00
scf (DFT) done.
der1a (1-e 1st deriv.) done.
rwr (1st deriv. Q) done.
der1b (2-e 1st deriv.) done.
----------------------------------------------------------------
  calculation with applied electric field    8 of  18 follows...
raman (gradient of polarizabilities) done.
rwr (Q operators) done.
scf type: DFT=Becke_3_Parameter/HF+Slater+Becke88+VWN+LYP (B3LYP)
  
       i  u  d  i  g
       t  p  i  c  r                                 RMS    maximum
       e  d  i  u  i                       energy  density   DIIS  
       r  t  s  t  d       total energy    change  change    error 
  
etot    1  N  N  4  M    -343.64584147931           2.2E-03  1.8E-02
etot    2  Y  Y  6  M    -343.64859195818  2.8E-03  8.8E-04  1.9E-02
etot    3  N  Y  1  U    -343.65595057979  7.4E-03  3.2E-04  4.4E-03
etot    4  Y  Y  6  M    -343.65670155301  7.5E-04  1.5E-04  1.8E-03
etot    5  Y  Y  6  M    -343.65674631479  4.5E-05  2.6E-04  1.2E-03
etot    6  N  Y  1  U    -343.65684815943  1.0E-04  5.9E-05  1.3E-03
etot    7  Y  Y  6  M    -343.65687792051  3.0E-05  3.0E-05  2.9E-04
etot    8  N  Y  1  U    -343.65688020940  2.3E-06  1.2E-05  7.1E-05
etot    9  N  Y  1  U    -343.65688038504  1.8E-07  7.9E-06  2.5E-05
etot   10  N  Y  1  U    -343.65688042413  3.9E-08  7.1E-07  1.3E-05
etot   11  N  N  1  U    -343.65688043010  6.0E-09  0.0E+00  0.0E+00
scf (DFT) done.
der1a (1-e 1st deriv.) done.
rwr (1st deriv. Q) done.
der1b (2-e 1st deriv.) done.
----------------------------------------------------------------
  calculation with applied electric field    9 of  18 follows...
raman (gradient of polarizabilities) done.
rwr (Q operators) done.
scf type: DFT=Becke_3_Parameter/HF+Slater+Becke88+VWN+LYP (B3LYP)
  
       i  u  d  i  g
       t  p  i  c  r                                 RMS    maximum
       e  d  i  u  i                       energy  density   DIIS  
       r  t  s  t  d       total energy    change  change    error 
  
etot    1  N  N  4  M    -343.65103524734           2.6E-03  1.6E-02
etot    2  Y  Y  6  M    -343.64556205623 -5.5E-03  1.1E-03  2.5E-02
etot    3  N  Y  1  U    -343.66104885731  1.5E-02  3.3E-04  3.8E-03
etot    4  Y  Y  6  M    -343.66154307421  4.9E-04  2.7E-04  1.7E-03
etot    5  Y  Y  6  M    -343.66152899050 -1.4E-05  1.6E-04  1.8E-03
etot    6  N  Y  1  U    -343.66167745118  1.5E-04  6.1E-05  6.0E-04
etot    7  Y  Y  6  M    -343.66168901752  1.2E-05  1.1E-05  1.5E-04
etot    8  N  Y  1  U    -343.66168916754  1.5E-07  9.7E-06  5.4E-05
etot    9  N  Y  1  U    -343.66168928530  1.2E-07  4.0E-06  2.7E-05
etot   10  N  N  1  U    -343.66168931589  3.1E-08  0.0E+00  0.0E+00
scf (DFT) done.
der1a (1-e 1st deriv.) done.
rwr (1st deriv. Q) done.
der1b (2-e 1st deriv.) done.
----------------------------------------------------------------
  calculation with applied electric field   10 of  18 follows...
raman (gradient of polarizabilities) done.
rwr (Q operators) done.
scf type: DFT=Becke_3_Parameter/HF+Slater+Becke88+VWN+LYP (B3LYP)
  
       i  u  d  i  g
       t  p  i  c  r                                 RMS    maximum
       e  d  i  u  i                       energy  density   DIIS  
       r  t  s  t  d       total energy    change  change    error 
  
etot    1  N  N  4  M    -343.59426018232           2.6E-03  1.6E-02
etot    2  Y  Y  6  M    -343.58855798062 -5.7E-03  1.2E-03  2.3E-02
etot    3  N  Y  1  U    -343.60408108131  1.6E-02  4.1E-04  5.5E-03
etot    4  Y  Y  6  M    -343.60465021782  5.7E-04  1.4E-04  2.5E-03
etot    5  Y  Y  6  M    -343.60473704635  8.7E-05  3.1E-04  1.2E-03
etot    6  N  Y  1  U    -343.60488224865  1.5E-04  5.9E-05  6.5E-04
etot    7  Y  Y  6  M    -343.60490249627  2.0E-05  2.5E-05  1.7E-04
etot    8  N  Y  1  U    -343.60490161019 -8.9E-07  6.5E-06  6.2E-05
etot    9  N  Y  1  U    -343.60490174123  1.3E-07  7.9E-06  3.3E-05
etot   10  N  Y  1  U    -343.60490179387  5.3E-08  9.8E-07  9.2E-06
etot   11  N  N  1  U    -343.60490179906  5.2E-09  0.0E+00  0.0E+00
scf (DFT) done.
der1a (1-e 1st deriv.) done.
rwr (1st deriv. Q) done.
der1b (2-e 1st deriv.) done.
----------------------------------------------------------------
  calculation with applied electric field   11 of  18 follows...
raman (gradient of polarizabilities) done.
rwr (Q operators) done.
scf type: DFT=Becke_3_Parameter/HF+Slater+Becke88+VWN+LYP (B3LYP)
  
       i  u  d  i  g
       t  p  i  c  r                                 RMS    maximum
       e  d  i  u  i                       energy  density   DIIS  
       r  t  s  t  d       total energy    change  change    error 
  
etot    1  N  N  4  M    -343.59685256878           2.1E-03  1.4E-02
etot    2  Y  Y  6  M    -343.59643107943 -4.2E-04  9.7E-04  1.7E-02
etot    3  N  Y  1  U    -343.60407751031  7.6E-03  3.8E-04  7.3E-03
etot    4  Y  Y  6  M    -343.60497746930  9.0E-04  8.5E-05  2.0E-03
etot    5  Y  Y  6  M    -343.60505583310  7.8E-05  3.5E-04  1.5E-03
etot    6  N  Y  1  U    -343.60514441562  8.9E-05  6.2E-05  1.2E-03
etot    7  Y  Y  6  M    -343.60519763488  5.3E-05  2.5E-05  2.5E-04
etot    8  N  Y  1  U    -343.60520592213  8.3E-06  1.0E-05  1.0E-04
etot    9  N  Y  1  U    -343.60520625279  3.3E-07  1.1E-05  6.1E-05
etot   10  N  Y  1  U    -343.60520639323  1.4E-07  2.6E-06  1.4E-05
etot   11  N  N  1  U    -343.60520640465  1.1E-08  0.0E+00  0.0E+00
scf (DFT) done.
der1a (1-e 1st deriv.) done.
rwr (1st deriv. Q) done.
der1b (2-e 1st deriv.) done.
----------------------------------------------------------------
  calculation with applied electric field   12 of  18 follows...
raman (gradient of polarizabilities) done.
rwr (Q operators) done.
scf type: DFT=Becke_3_Parameter/HF+Slater+Becke88+VWN+LYP (B3LYP)
  
       i  u  d  i  g
       t  p  i  c  r                                 RMS    maximum
       e  d  i  u  i                       energy  density   DIIS  
       r  t  s  t  d       total energy    change  change    error 
  
etot    1  N  N  4  M    -343.64844286088           2.0E-03  1.5E-02
etot    2  Y  Y  6  M    -343.64949993865  1.1E-03  8.7E-04  1.8E-02
etot    3  N  Y  1  U    -343.65595856493  6.5E-03  3.2E-04  5.3E-03
etot    4  Y  Y  6  M    -343.65676855470  8.1E-04  1.2E-04  1.9E-03
etot    5  Y  Y  6  M    -343.65682892137  6.0E-05  2.8E-04  1.3E-03
etot    6  N  Y  1  U    -343.65689143110  6.3E-05  5.8E-05  1.4E-03
etot    7  Y  Y  6  M    -343.65693158418  4.0E-05  1.7E-05  1.8E-04
etot    8  N  Y  1  U    -343.65693393954  2.4E-06  1.1E-05  8.5E-05
etot    9  N  Y  1  U    -343.65693417361  2.3E-07  8.1E-06  3.3E-05
etot   10  N  Y  1  U    -343.65693422929  5.6E-08  1.3E-06  2.0E-05
etot   11  N  N  1  U    -343.65693424470  1.5E-08  0.0E+00  0.0E+00
scf (DFT) done.
der1a (1-e 1st deriv.) done.
rwr (1st deriv. Q) done.
der1b (2-e 1st deriv.) done.
----------------------------------------------------------------
  calculation with applied electric field   13 of  18 follows...
raman (gradient of polarizabilities) done.
rwr (Q operators) done.
scf type: DFT=Becke_3_Parameter/HF+Slater+Becke88+VWN+LYP (B3LYP)
  
       i  u  d  i  g
       t  p  i  c  r                                 RMS    maximum
       e  d  i  u  i                       energy  density   DIIS  
       r  t  s  t  d       total energy    change  change    error 
  
etot    1  N  N  4  M    -343.64843386577           2.2E-03  1.5E-02
etot    2  Y  Y  6  M    -343.64551180806 -2.9E-03  1.1E-03  2.3E-02
etot    3  N  Y  1  U    -343.65595083788  1.0E-02  3.2E-04  5.2E-03
etot    4  Y  Y  6  M    -343.65675782735  8.1E-04  1.2E-04  1.9E-03
etot    5  Y  Y  6  M    -343.65681887373  6.1E-05  2.7E-04  1.2E-03
etot    6  N  Y  1  U    -343.65688285709  6.4E-05  5.8E-05  1.4E-03
etot    7  Y  Y  6  M    -343.65692238888  4.0E-05  1.7E-05  1.8E-04
etot    8  N  Y  1  U    -343.65692467913  2.3E-06  1.1E-05  8.0E-05
etot    9  N  Y  1  U    -343.65692490418  2.3E-07  7.2E-06  3.0E-05
etot   10  N  Y  1  U    -343.65692494746  4.3E-08  1.1E-06  2.0E-05
etot   11  N  N  1  U    -343.65692496241  1.5E-08  0.0E+00  0.0E+00
scf (DFT) done.
der1a (1-e 1st deriv.) done.
rwr (1st deriv. Q) done.
der1b (2-e 1st deriv.) done.
----------------------------------------------------------------
  calculation with applied electric field   14 of  18 follows...
raman (gradient of polarizabilities) done.
rwr (Q operators) done.
scf type: DFT=Becke_3_Parameter/HF+Slater+Becke88+VWN+LYP (B3LYP)
  
       i  u  d  i  g
       t  p  i  c  r                                 RMS    maximum
       e  d  i  u  i                       energy  density   DIIS  
       r  t  s  t  d       total energy    change  change    error 
  
etot    1  N  N  4  M    -343.59686156389           2.1E-03  1.4E-02
etot    2  Y  Y  6  M    -343.59644439726 -4.2E-04  9.7E-04  1.7E-02
etot    3  N  Y  1  U    -343.60408565442  7.6E-03  3.8E-04  7.3E-03
etot    4  Y  Y  6  M    -343.60498606973  9.0E-04  8.5E-05  2.0E-03
etot    5  Y  Y  6  M    -343.60506440541  7.8E-05  3.5E-04  1.5E-03
etot    6  N  Y  1  U    -343.60515298888  8.9E-05  6.2E-05  1.3E-03
etot    7  Y  Y  6  M    -343.60520625144  5.3E-05  2.5E-05  2.5E-04
etot    8  N  Y  1  U    -343.60521453240  8.3E-06  1.0E-05  1.1E-04
etot    9  N  Y  1  U    -343.60521486313  3.3E-07  1.1E-05  6.1E-05
etot   10  N  Y  1  U    -343.60521511234  2.5E-07  2.6E-06  1.4E-05
etot   11  N  N  1  U    -343.60521512411  1.2E-08  0.0E+00  0.0E+00
scf (DFT) done.
der1a (1-e 1st deriv.) done.
rwr (1st deriv. Q) done.
der1b (2-e 1st deriv.) done.
----------------------------------------------------------------
  calculation with applied electric field   15 of  18 follows...
raman (gradient of polarizabilities) done.
rwr (Q operators) done.
scf type: DFT=Becke_3_Parameter/HF+Slater+Becke88+VWN+LYP (B3LYP)
  
       i  u  d  i  g
       t  p  i  c  r                                 RMS    maximum
       e  d  i  u  i                       energy  density   DIIS  
       r  t  s  t  d       total energy    change  change    error 
  
etot    1  N  N  4  M    -343.62524010129           1.8E-03  8.5E-03
etot    2  Y  Y  6  M    -343.62691516831  1.7E-03  6.9E-04  1.1E-02
etot    3  N  Y  1  U    -343.62994414280  3.0E-03  2.9E-04  5.9E-03
etot    4  Y  Y  6  M    -343.63109987109  1.2E-03  4.3E-05  2.2E-03
etot    5  N  Y  1  U    -343.63114113334  4.1E-05  4.1E-04  2.0E-03
etot    6  Y  Y  6  M    -343.63117541605  3.4E-05  6.3E-05  1.0E-03
etot    7  Y  Y  6  M    -343.63121859343  4.3E-05  3.1E-05  2.5E-04
etot    8  N  Y  1  U    -343.63125859500  4.0E-05  8.8E-06  1.3E-04
etot    9  N  Y  1  U    -343.63125886854  2.7E-07  1.8E-05  1.1E-04
etot   10  N  Y  1  U    -343.63125928426  4.2E-07  1.1E-05  6.9E-05
etot   11  N  Y  1  U    -343.63125947422  1.9E-07  8.5E-06  4.1E-05
etot   12  N  Y  1  U    -343.63125956546  9.1E-08  6.6E-06  1.9E-05
etot   13  N  Y  1  U    -343.63125965344  8.8E-08  2.2E-07  2.5E-06
etot   14  N  N  1  U    -343.63125965423  8.0E-10  0.0E+00  0.0E+00
scf (DFT) done.
der1a (1-e 1st deriv.) done.
rwr (1st deriv. Q) done.
der1b (2-e 1st deriv.) done.
----------------------------------------------------------------
  calculation with applied electric field   16 of  18 follows...
raman (gradient of polarizabilities) done.
rwr (Q operators) done.
scf type: DFT=Becke_3_Parameter/HF+Slater+Becke88+VWN+LYP (B3LYP)
  
       i  u  d  i  g
       t  p  i  c  r                                 RMS    maximum
       e  d  i  u  i                       energy  density   DIIS  
       r  t  s  t  d       total energy    change  change    error 
  
etot    1  N  N  4  M    -343.62005532837           2.0E-03  9.8E-03
etot    2  Y  Y  6  M    -343.61998654348 -6.9E-05  8.3E-04  1.4E-02
etot    3  N  Y  1  U    -343.62477072182  4.8E-03  3.1E-04  7.1E-03
etot    4  Y  Y  6  M    -343.62586961800  1.1E-03  4.3E-05  2.1E-03
etot    5  N  Y  1  U    -343.62595128673  8.2E-05  3.1E-04  1.9E-03
etot    6  Y  Y  6  M    -343.62594365915 -7.6E-06  8.1E-05  1.9E-03
etot    7  Y  Y  6  M    -343.62600690319  6.3E-05  2.3E-05  2.7E-04
etot    8  N  Y  1  U    -343.62606336980  5.6E-05  6.6E-06  1.2E-04
etot    9  N  Y  1  U    -343.62606357819  2.1E-07  5.2E-06  9.0E-05
etot   10  N  Y  1  U    -343.62606370219  1.2E-07  9.3E-06  6.4E-05
etot   11  N  Y  1  U    -343.62606383391  1.3E-07  3.7E-06  1.7E-05
etot   12  N  N  1  U    -343.62606385261  1.9E-08  0.0E+00  0.0E+00
scf (DFT) done.
der1a (1-e 1st deriv.) done.
rwr (1st deriv. Q) done.
der1b (2-e 1st deriv.) done.
----------------------------------------------------------------
  calculation with applied electric field   17 of  18 follows...
raman (gradient of polarizabilities) done.
rwr (Q operators) done.
scf type: DFT=Becke_3_Parameter/HF+Slater+Becke88+VWN+LYP (B3LYP)
  
       i  u  d  i  g
       t  p  i  c  r                                 RMS    maximum
       e  d  i  u  i                       energy  density   DIIS  
       r  t  s  t  d       total energy    change  change    error 
  
etot    1  N  N  4  M    -343.62004633326           2.0E-03  9.8E-03
etot    2  Y  Y  6  M    -343.61997673199 -7.0E-05  8.3E-04  1.4E-02
etot    3  N  Y  1  U    -343.62476216823  4.8E-03  3.1E-04  7.1E-03
etot    4  Y  Y  6  M    -343.62586107411  1.1E-03  4.3E-05  2.1E-03
etot    5  N  Y  1  U    -343.62594274932  8.2E-05  3.1E-04  1.9E-03
etot    6  Y  Y  6  M    -343.62593511921 -7.6E-06  8.1E-05  1.9E-03
etot    7  Y  Y  6  M    -343.62599835965  6.3E-05  2.3E-05  2.7E-04
etot    8  N  Y  1  U    -343.62605482750  5.6E-05  6.6E-06  1.2E-04
etot    9  N  Y  1  U    -343.62605503768  2.1E-07  5.2E-06  9.0E-05
etot   10  N  Y  1  U    -343.62605516159  1.2E-07  9.3E-06  6.4E-05
etot   11  N  Y  1  U    -343.62605529293  1.3E-07  3.7E-06  1.7E-05
etot   12  N  N  1  U    -343.62605531156  1.9E-08  0.0E+00  0.0E+00
scf (DFT) done.
der1a (1-e 1st deriv.) done.
rwr (1st deriv. Q) done.
der1b (2-e 1st deriv.) done.
----------------------------------------------------------------
  calculation with applied electric field   18 of  18 follows...
raman (gradient of polarizabilities) done.
rwr (Q operators) done.
scf type: DFT=Becke_3_Parameter/HF+Slater+Becke88+VWN+LYP (B3LYP)
  
       i  u  d  i  g
       t  p  i  c  r                                 RMS    maximum
       e  d  i  u  i                       energy  density   DIIS  
       r  t  s  t  d       total energy    change  change    error 
  
etot    1  N  N  4  M    -343.62524909640           2.0E-03  8.5E-03
etot    2  Y  Y  6  M    -343.62537932254  1.3E-04  8.1E-04  1.3E-02
etot    3  N  Y  1  U    -343.62995382898  4.6E-03  2.9E-04  5.9E-03
etot    4  Y  Y  6  M    -343.63110915551  1.2E-03  4.3E-05  2.2E-03
etot    5  N  Y  1  U    -343.63115082761  4.2E-05  4.1E-04  2.0E-03
etot    6  Y  Y  6  M    -343.63118491673  3.4E-05  6.2E-05  1.0E-03
etot    7  Y  Y  6  M    -343.63122817375  4.3E-05  3.1E-05  2.5E-04
etot    8  N  Y  1  U    -343.63126802519  4.0E-05  9.0E-06  1.3E-04
etot    9  N  Y  1  U    -343.63126830023  2.8E-07  1.7E-05  1.1E-04
etot   10  N  Y  1  U    -343.63126870253  4.0E-07  1.1E-05  6.7E-05
etot   11  N  Y  1  U    -343.63126888571  1.8E-07  8.6E-06  4.0E-05
etot   12  N  Y  1  U    -343.63126897724  9.2E-08  6.0E-06  1.7E-05
etot   13  N  Y  1  U    -343.63126905741  8.0E-08  2.0E-07  2.5E-06
etot   14  N  N  1  U    -343.63126905819  7.9E-10  0.0E+00  0.0E+00
scf (DFT) done.
der1a (1-e 1st deriv.) done.
rwr (1st deriv. Q) done.
der1b (2-e 1st deriv.) done.
-------------------------------------------------------
gradient of polarizability calculations complete
raman (gradient of polarizabilities) done.
freq (vib. frequencies) done.
post (output conversion) done.
Job furfural_raman_sdf completed on volta at Tue Mar 10 12:00:13 2015
